<?xml version="1.0" encoding="UTF-8"?>
<testsuite xmlns:xsi="http://www.w3.org/2001/XMLSchema-instance" xsi:noNamespaceSchemaLocation="https://maven.apache.org/surefire/maven-surefire-plugin/xsd/surefire-test-report-3.0.xsd" version="3.0" name="TestSuite" time="75.855" tests="2" errors="0" skipped="0" failures="0">
  <properties>
[...]
</properties>
  <testcase name="createNewEmployee" classname="tests.HRMSTest" time="31.232">
    <system-out><![CDATA[[HRMS] Clicking Employment Type SVG trigger
[HRMS] Employment Type options visible: 3
[HRMS] Clicked first Employment Type option
[HRMS] Role input: force click ok
[HRMS] Role DOM after click: {"server":0,"jk":0,"cb":0,"pdi":0}
[HRMS] Role DOM after ArrowDown: {"cb":44,"pdi":0,"server":1}
[HRMS] Clicked Role checkbox in div.server
[HRMS] Submit buttons: 1
[HRMS]   Button[0] class=submit-bar-disabled  disabled=
[HRMS] Submit button class before click: submit-bar-disabled 
[HRMS] Clicked submit button
[HRMS] Submit button class after first click: submit-bar 
[HRMS] Button is enabled — clicking again to actually submit
[HRMS] Total buttons after submit: 3
[HRMS]   button[0] class=submit-bar  text=Submit
[HRMS]   button[1] class=selector-button-border text=CANCEL
[HRMS]   button[2] class=selector-button-primary text=SUBMIT
[HRMS] Found confirm button via: button.selector-button-primary[type='submit']
[HRMS] Success message text: Employee Created Successfully
New Employee ID: smc-oy-hd-test01
]]></system-out>
    <system-err><![CDATA[SLF4J: Failed to load class "org.slf4j.impl.StaticLoggerBinder".
SLF4J: Defaulting to no-operation (NOP) logger implementation
SLF4J: See http://www.slf4j.org/codes.html#StaticLoggerBinder for further details.
]]></system-err>
  </testcase>
  <testcase name="verifyUserCanLogin" classname="tests.LoginTest" time="0.027"/>
</testsuite>