<?xml version="1.0" encoding="UTF-8"?>
<testng-results ignored="0" total="2" passed="2" failed="0" skipped="0">
  <reporter-output>
  </reporter-output>
  <suite started-at="2026-02-23T12:27:51 IST" name="Surefire suite" finished-at="2026-02-23T12:29:25 IST" duration-ms="93636">
    <groups>
    </groups>
    <test started-at="2026-02-23T12:27:51 IST" name="Surefire test" finished-at="2026-02-23T12:29:25 IST" duration-ms="93636">
      <class name="tests.LoginTest">
        <test-method is-config="true" signature="setUp()[pri:0, instance:tests.LoginTest@625732]" started-at="2026-02-23T12:29:03 IST" name="setUp" finished-at="2026-02-23T12:29:21 IST" duration-ms="18246" status="PASS">
          <reporter-output>
          </reporter-output>
        </test-method> <!-- setUp -->
        <test-method signature="verifyUserCanLogin()[pri:0, instance:tests.LoginTest@625732]" started-at="2026-02-23T12:29:21 IST" name="verifyUserCanLogin" finished-at="2026-02-23T12:29:21 IST" duration-ms="31" status="PASS">
          <reporter-output>
          </reporter-output>
        </test-method> <!-- verifyUserCanLogin -->
        <test-method is-config="true" signature="tearDown()[pri:0, instance:tests.LoginTest@625732]" started-at="2026-02-23T12:29:21 IST" name="tearDown" finished-at="2026-02-23T12:29:25 IST" duration-ms="3484" status="PASS">
          <reporter-output>
          </reporter-output>
        </test-method> <!-- tearDown -->
      </class> <!-- tests.LoginTest -->
      <class name="tests.HRMSTest">
        <test-method is-config="true" signature="setUp()[pri:0, instance:tests.HRMSTest@120f102b]" started-at="2026-02-23T12:27:51 IST" name="setUp" finished-at="2026-02-23T12:28:27 IST" duration-ms="36154" status="PASS">
          <reporter-output>
          </reporter-output>
        </test-method> <!-- setUp -->
        <test-method signature="createNewEmployee()[pri:0, instance:tests.HRMSTest@120f102b]" started-at="2026-02-23T12:28:27 IST" name="createNewEmployee" finished-at="2026-02-23T12:28:59 IST" duration-ms="32162" status="PASS">
          <reporter-output>
          </reporter-output>
        </test-method> <!-- createNewEmployee -->
        <test-method is-config="true" signature="tearDown()[pri:0, instance:tests.HRMSTest@120f102b]" started-at="2026-02-23T12:28:59 IST" name="tearDown" finished-at="2026-02-23T12:29:03 IST" duration-ms="3487" status="PASS">
          <reporter-output>
          </reporter-output>
        </test-method> <!-- tearDown -->
      </class> <!-- tests.HRMSTest -->
    </test> <!-- Surefire test -->
  </suite> <!-- Surefire suite -->
</testng-results>
