<?xml version="1.0" encoding="UTF-8"?>
<!-- Generated by org.testng.reporters.JUnitReportReporter -->
<testsuite hostname="DESKTOP-CGFBCQ3" failures="0" tests="1" name="tests.HomeTest" time="85.428" errors="1" timestamp="2026-02-19T17:13:23 IST" skipped="0">
  <testcase classname="tests.HomeTest" name="navigateToCreateComplaint" time="85.428">
    <error message="Error {
  message=&#039;Target page, context or browser has been closed
  name=&#039;TargetClosedError
  stack=&#039;TargetClosedError:Target page, context or browser has been closed
Error
    at captureRawStack (C:\Users\swath\AppData\Local\Temp\playwright-java-7569683678525579840\package\lib\utils\stackTrace.js:50:17)
    at LongStandingScope._race (C:\Users\swath\AppData\Local\Temp\playwright-java-7569683678525579840\package\lib\utils\manualPromise.js:91:52)
    at LongStandingScope.race (C:\Users\swath\AppData\Local\Temp\playwright-java-7569683678525579840\package\lib\utils\manualPromise.js:84:17)
    at C:\Users\swath\AppData\Local\Temp\playwright-java-7569683678525579840\package\lib\utils\manualPromise.js:81:43
    at Array.map (&lt;anonymous&gt;)
    at LongStandingScope.raceMultiple (C:\Users\swath\AppData\Local\Temp\playwright-java-7569683678525579840\package\lib\utils\manualPromise.js:81:32)
    at Frame.retryWithProgressAndTimeouts (C:\Users\swath\AppData\Local\Temp\playwright-java-7569683678525579840\package\lib\server\frames.js:908:40)
    at async C:\Users\swath\AppData\Local\Temp\playwright-java-7569683678525579840\package\lib\server\frames.js:997:29
    at async ProgressController.run (C:\Users\swath\AppData\Local\Temp\playwright-java-7569683678525579840\package\lib\server\progress.js:82:22)
    at async FrameDispatcher.click (C:\Users\swath\AppData\Local\Temp\playwright-java-7569683678525579840\package\lib\server\dispatchers\frameDispatcher.js:158:12)
    at async LongStandingScope._race (C:\Users\swath\AppData\Local\Temp\playwright-java-7569683678525579840\package\lib\utils\manualPromise.js:96:14)
    at async FrameDispatcher._handleCommand (C:\Users\swath\AppData\Local\Temp\playwright-java-7569683678525579840\package\lib\server\dispatchers\dispatcher.js:96:14)
    at async DispatcherConnection.dispatch (C:\Users\swath\AppData\Local\Temp\playwright-java-7569683678525579840\package\lib\server\dispatchers\dispatcher.js:365:22)
}
Call log:
- waiting for locator(&quot;h2.digit-button-label:has-text(&#039;Create Complaint&#039;)&quot;)
" type="com.microsoft.playwright.PlaywrightException">
      <![CDATA[com.microsoft.playwright.PlaywrightException: Error {
  message='Target page, context or browser has been closed
  name='TargetClosedError
  stack='TargetClosedError:Target page, context or browser has been closed
Error
    at captureRawStack (C:\Users\swath\AppData\Local\Temp\playwright-java-7569683678525579840\package\lib\utils\stackTrace.js:50:17)
    at LongStandingScope._race (C:\Users\swath\AppData\Local\Temp\playwright-java-7569683678525579840\package\lib\utils\manualPromise.js:91:52)
    at LongStandingScope.race (C:\Users\swath\AppData\Local\Temp\playwright-java-7569683678525579840\package\lib\utils\manualPromise.js:84:17)
    at C:\Users\swath\AppData\Local\Temp\playwright-java-7569683678525579840\package\lib\utils\manualPromise.js:81:43
    at Array.map (<anonymous>)
    at LongStandingScope.raceMultiple (C:\Users\swath\AppData\Local\Temp\playwright-java-7569683678525579840\package\lib\utils\manualPromise.js:81:32)
    at Frame.retryWithProgressAndTimeouts (C:\Users\swath\AppData\Local\Temp\playwright-java-7569683678525579840\package\lib\server\frames.js:908:40)
    at async C:\Users\swath\AppData\Local\Temp\playwright-java-7569683678525579840\package\lib\server\frames.js:997:29
    at async ProgressController.run (C:\Users\swath\AppData\Local\Temp\playwright-java-7569683678525579840\package\lib\server\progress.js:82:22)
    at async FrameDispatcher.click (C:\Users\swath\AppData\Local\Temp\playwright-java-7569683678525579840\package\lib\server\dispatchers\frameDispatcher.js:158:12)
    at async LongStandingScope._race (C:\Users\swath\AppData\Local\Temp\playwright-java-7569683678525579840\package\lib\utils\manualPromise.js:96:14)
    at async FrameDispatcher._handleCommand (C:\Users\swath\AppData\Local\Temp\playwright-java-7569683678525579840\package\lib\server\dispatchers\dispatcher.js:96:14)
    at async DispatcherConnection.dispatch (C:\Users\swath\AppData\Local\Temp\playwright-java-7569683678525579840\package\lib\server\dispatchers\dispatcher.js:365:22)
}
Call log:
- waiting for locator("h2.digit-button-label:has-text('Create Complaint')")

at com.microsoft.playwright.impl.WaitableResult.get(WaitableResult.java:54)
at com.microsoft.playwright.impl.ChannelOwner.runUntil(ChannelOwner.java:120)
at com.microsoft.playwright.impl.Connection.sendMessage(Connection.java:130)
at com.microsoft.playwright.impl.ChannelOwner.sendMessage(ChannelOwner.java:106)
at com.microsoft.playwright.impl.FrameImpl.clickImpl(FrameImpl.java:252)
at com.microsoft.playwright.impl.PageImpl.lambda$click$18(PageImpl.java:620)
at com.microsoft.playwright.impl.LoggingSupport.lambda$withLogging$0(LoggingSupport.java:36)
at com.microsoft.playwright.impl.LoggingSupport.withLogging(LoggingSupport.java:47)
at com.microsoft.playwright.impl.ChannelOwner.withLogging(ChannelOwner.java:89)
at com.microsoft.playwright.impl.LoggingSupport.withLogging(LoggingSupport.java:35)
at com.microsoft.playwright.impl.PageImpl.click(PageImpl.java:619)
at com.microsoft.playwright.Page.click(Page.java:3801)
at pages.HomePage.navigateToCreateComplaint(HomePage.java:26)
at tests.HomeTest.navigateToCreateComplaint(HomeTest.java:12)
at java.base/jdk.internal.reflect.NativeMethodAccessorImpl.invoke0(Native Method)
at java.base/jdk.internal.reflect.NativeMethodAccessorImpl.invoke(NativeMethodAccessorImpl.java:62)
at java.base/jdk.internal.reflect.DelegatingMethodAccessorImpl.invoke(DelegatingMethodAccessorImpl.java:43)
at java.base/java.lang.reflect.Method.invoke(Method.java:566)
at org.testng.internal.invokers.MethodInvocationHelper.invokeMethod(MethodInvocationHelper.java:139)
at org.testng.internal.invokers.TestInvoker.invokeMethod(TestInvoker.java:664)
at org.testng.internal.invokers.TestInvoker.invokeTestMethod(TestInvoker.java:228)
at org.testng.internal.invokers.MethodRunner.runInSequence(MethodRunner.java:63)
at org.testng.internal.invokers.TestInvoker$MethodInvocationAgent.invoke(TestInvoker.java:961)
at org.testng.internal.invokers.TestInvoker.invokeTestMethods(TestInvoker.java:201)
at org.testng.internal.invokers.TestMethodWorker.invokeTestMethods(TestMethodWorker.java:148)
at org.testng.internal.invokers.TestMethodWorker.run(TestMethodWorker.java:128)
at java.base/java.util.ArrayList.forEach(ArrayList.java:1541)
at org.testng.TestRunner.privateRun(TestRunner.java:819)
at org.testng.TestRunner.run(TestRunner.java:619)
at org.testng.SuiteRunner.runTest(SuiteRunner.java:443)
at org.testng.SuiteRunner.runSequentially(SuiteRunner.java:437)
at org.testng.SuiteRunner.privateRun(SuiteRunner.java:397)
at org.testng.SuiteRunner.run(SuiteRunner.java:336)
at org.testng.SuiteRunnerWorker.runSuite(SuiteRunnerWorker.java:52)
at org.testng.SuiteRunnerWorker.run(SuiteRunnerWorker.java:95)
at org.testng.TestNG.runSuitesSequentially(TestNG.java:1301)
at org.testng.TestNG.runSuitesLocally(TestNG.java:1228)
at org.testng.TestNG.runSuites(TestNG.java:1134)
at org.testng.TestNG.run(TestNG.java:1101)
at org.apache.maven.surefire.testng.TestNGExecutor.run(TestNGExecutor.java:155)
at org.apache.maven.surefire.testng.TestNGDirectoryTestSuite.executeMulti(TestNGDirectoryTestSuite.java:169)
at org.apache.maven.surefire.testng.TestNGDirectoryTestSuite.execute(TestNGDirectoryTestSuite.java:88)
at org.apache.maven.surefire.testng.TestNGProvider.invoke(TestNGProvider.java:137)
at org.apache.maven.surefire.booter.ForkedBooter.runSuitesInProcess(ForkedBooter.java:385)
at org.apache.maven.surefire.booter.ForkedBooter.execute(ForkedBooter.java:162)
at org.apache.maven.surefire.booter.ForkedBooter.run(ForkedBooter.java:507)
at org.apache.maven.surefire.booter.ForkedBooter.main(ForkedBooter.java:495)
Caused by: com.microsoft.playwright.impl.TargetClosedError: Error {
  message='Target page, context or browser has been closed
  name='TargetClosedError
  stack='TargetClosedError:Target page, context or browser has been closed
Error
    at captureRawStack (C:\Users\swath\AppData\Local\Temp\playwright-java-7569683678525579840\package\lib\utils\stackTrace.js:50:17)
    at LongStandingScope._race (C:\Users\swath\AppData\Local\Temp\playwright-java-7569683678525579840\package\lib\utils\manualPromise.js:91:52)
    at LongStandingScope.race (C:\Users\swath\AppData\Local\Temp\playwright-java-7569683678525579840\package\lib\utils\manualPromise.js:84:17)
    at C:\Users\swath\AppData\Local\Temp\playwright-java-7569683678525579840\package\lib\utils\manualPromise.js:81:43
    at Array.map (<anonymous>)
    at LongStandingScope.raceMultiple (C:\Users\swath\AppData\Local\Temp\playwright-java-7569683678525579840\package\lib\utils\manualPromise.js:81:32)
    at Frame.retryWithProgressAndTimeouts (C:\Users\swath\AppData\Local\Temp\playwright-java-7569683678525579840\package\lib\server\frames.js:908:40)
    at async C:\Users\swath\AppData\Local\Temp\playwright-java-7569683678525579840\package\lib\server\frames.js:997:29
    at async ProgressController.run (C:\Users\swath\AppData\Local\Temp\playwright-java-7569683678525579840\package\lib\server\progress.js:82:22)
    at async FrameDispatcher.click (C:\Users\swath\AppData\Local\Temp\playwright-java-7569683678525579840\package\lib\server\dispatchers\frameDispatcher.js:158:12)
    at async LongStandingScope._race (C:\Users\swath\AppData\Local\Temp\playwright-java-7569683678525579840\package\lib\utils\manualPromise.js:96:14)
    at async FrameDispatcher._handleCommand (C:\Users\swath\AppData\Local\Temp\playwright-java-7569683678525579840\package\lib\server\dispatchers\dispatcher.js:96:14)
    at async DispatcherConnection.dispatch (C:\Users\swath\AppData\Local\Temp\playwright-java-7569683678525579840\package\lib\server\dispatchers\dispatcher.js:365:22)
}
Call log:
- waiting for locator("h2.digit-button-label:has-text('Create Complaint')")

at com.microsoft.playwright.impl.Connection.dispatch(Connection.java:256)
at com.microsoft.playwright.impl.Connection.processOneMessage(Connection.java:211)
at com.microsoft.playwright.impl.ChannelOwner.runUntil(ChannelOwner.java:118)
... 45 more
]]>
    </error>
  </testcase> <!-- navigateToCreateComplaint -->
</testsuite> <!-- tests.HomeTest -->
